{"/Users/adam/Desktop/engineering-project-3/destination-unknown/api/client/flightClient.js": {"path":"/Users/adam/Desktop/engineering-project-3/destination-unknown/api/client/flightClient.js","statementMap":{"0":{"start":{"line":3,"column":4},"end":{"line":7,"column":37}},"1":{"start":{"line":4,"column":24},"end":{"line":4,"column":39}},"2":{"start":{"line":6,"column":24},"end":{"line":6,"column":54}},"3":{"start":{"line":7,"column":23},"end":{"line":7,"column":35}},"4":{"start":{"line":11,"column":0},"end":{"line":11,"column":29}}},"fnMap":{"0":{"name":"(anonymous_0)","decl":{"start":{"line":2,"column":2},"end":{"line":2,"column":3}},"loc":{"start":{"line":2,"column":101},"end":{"line":8,"column":3}},"line":2},"1":{"name":"(anonymous_1)","decl":{"start":{"line":4,"column":10},"end":{"line":4,"column":11}},"loc":{"start":{"line":4,"column":24},"end":{"line":4,"column":39}},"line":4},"2":{"name":"(anonymous_2)","decl":{"start":{"line":6,"column":10},"end":{"line":6,"column":11}},"loc":{"start":{"line":6,"column":23},"end":{"line":6,"column":55}},"line":6},"3":{"name":"(anonymous_3)","decl":{"start":{"line":7,"column":11},"end":{"line":7,"column":12}},"loc":{"start":{"line":7,"column":22},"end":{"line":7,"column":36}},"line":7}},"branchMap":{},"s":{"0":2,"1":1,"2":1,"3":1,"4":1},"f":{"0":2,"1":1,"2":1,"3":1},"b":{},"_coverageSchema":"1a1c01bbd47fc00a2c39e90264f33305004495a9","hash":"d52762042130ddd7b19ccd903ba45ef1e6b0dd58"}
,"/Users/adam/Desktop/engineering-project-3/destination-unknown/api/spec/client/mockFlightClientResponse.js": {"path":"/Users/adam/Desktop/engineering-project-3/destination-unknown/api/spec/client/mockFlightClientResponse.js","statementMap":{"0":{"start":{"line":1,"column":21},"end":{"line":2405,"column":1}},"1":{"start":{"line":2407,"column":0},"end":{"line":2407,"column":29}}},"fnMap":{},"branchMap":{},"s":{"0":1,"1":1},"f":{},"b":{},"_coverageSchema":"1a1c01bbd47fc00a2c39e90264f33305004495a9","hash":"17e9f54121295d56a1aad9e2e4726e63efe4a54d"}
}
