{"/Users/adam/Desktop/engineering-project-3/destination-unknown/api/client/apikey.js": {"path":"/Users/adam/Desktop/engineering-project-3/destination-unknown/api/client/apikey.js","statementMap":{"0":{"start":{"line":2,"column":2},"end":{"line":2,"column":364}},"1":{"start":{"line":3,"column":0},"end":{"line":3,"column":24}}},"fnMap":{},"branchMap":{},"s":{"0":1,"1":1},"f":{},"b":{},"_coverageSchema":"1a1c01bbd47fc00a2c39e90264f33305004495a9","hash":"f8583685e930491a51933123f046fde0f4914008"}
,"/Users/adam/Desktop/engineering-project-3/destination-unknown/api/client/flightClient.js": {"path":"/Users/adam/Desktop/engineering-project-3/destination-unknown/api/client/flightClient.js","statementMap":{"0":{"start":{"line":1,"column":15},"end":{"line":1,"column":34}},"1":{"start":{"line":5,"column":16},"end":{"line":5,"column":236}},"2":{"start":{"line":6,"column":4},"end":{"line":12,"column":39}},"3":{"start":{"line":7,"column":26},"end":{"line":7,"column":41}},"4":{"start":{"line":9,"column":8},"end":{"line":9,"column":45}},"5":{"start":{"line":10,"column":8},"end":{"line":10,"column":38}},"6":{"start":{"line":12,"column":25},"end":{"line":12,"column":37}},"7":{"start":{"line":16,"column":0},"end":{"line":16,"column":30}}},"fnMap":{"0":{"name":"(anonymous_0)","decl":{"start":{"line":4,"column":2},"end":{"line":4,"column":3}},"loc":{"start":{"line":4,"column":101},"end":{"line":13,"column":3}},"line":4},"1":{"name":"(anonymous_1)","decl":{"start":{"line":7,"column":12},"end":{"line":7,"column":13}},"loc":{"start":{"line":7,"column":26},"end":{"line":7,"column":41}},"line":7},"2":{"name":"(anonymous_2)","decl":{"start":{"line":8,"column":12},"end":{"line":8,"column":13}},"loc":{"start":{"line":8,"column":25},"end":{"line":11,"column":7}},"line":8},"3":{"name":"(anonymous_3)","decl":{"start":{"line":12,"column":13},"end":{"line":12,"column":14}},"loc":{"start":{"line":12,"column":24},"end":{"line":12,"column":38}},"line":12}},"branchMap":{},"s":{"0":1,"1":2,"2":2,"3":1,"4":1,"5":1,"6":1,"7":1},"f":{"0":2,"1":1,"2":1,"3":1},"b":{},"_coverageSchema":"1a1c01bbd47fc00a2c39e90264f33305004495a9","hash":"7c6de81aee341a5753b6494b12ef8212c402286a"}
,"/Users/adam/Desktop/engineering-project-3/destination-unknown/api/client/roadapi.js": {"path":"/Users/adam/Desktop/engineering-project-3/destination-unknown/api/client/roadapi.js","statementMap":{"0":{"start":{"line":1,"column":16},"end":{"line":1,"column":50}},"1":{"start":{"line":3,"column":0},"end":{"line":3,"column":25}}},"fnMap":{},"branchMap":{},"s":{"0":1,"1":1},"f":{},"b":{},"_coverageSchema":"1a1c01bbd47fc00a2c39e90264f33305004495a9","hash":"d10bb5eb6d0f0433efad03c0c1a456f841713004"}
,"/Users/adam/Desktop/engineering-project-3/destination-unknown/api/client/roadgoatClient.js": {"path":"/Users/adam/Desktop/engineering-project-3/destination-unknown/api/client/roadgoatClient.js","statementMap":{"0":{"start":{"line":1,"column":14},"end":{"line":1,"column":35}},"1":{"start":{"line":2,"column":16},"end":{"line":2,"column":36}},"2":{"start":{"line":3,"column":19},"end":{"line":3,"column":42}},"3":{"start":{"line":7,"column":16},"end":{"line":7,"column":70}},"4":{"start":{"line":9,"column":6},"end":{"line":9,"column":75}},"5":{"start":{"line":10,"column":20},"end":{"line":14,"column":5}},"6":{"start":{"line":15,"column":4},"end":{"line":22,"column":9}},"7":{"start":{"line":16,"column":26},"end":{"line":16,"column":41}},"8":{"start":{"line":18,"column":8},"end":{"line":18,"column":20}},"9":{"start":{"line":21,"column":8},"end":{"line":21,"column":21}},"10":{"start":{"line":26,"column":0},"end":{"line":26,"column":32}}},"fnMap":{"0":{"name":"(anonymous_0)","decl":{"start":{"line":6,"column":2},"end":{"line":6,"column":3}},"loc":{"start":{"line":6,"column":17},"end":{"line":23,"column":3}},"line":6},"1":{"name":"(anonymous_1)","decl":{"start":{"line":16,"column":12},"end":{"line":16,"column":13}},"loc":{"start":{"line":16,"column":26},"end":{"line":16,"column":41}},"line":16},"2":{"name":"(anonymous_2)","decl":{"start":{"line":17,"column":12},"end":{"line":17,"column":13}},"loc":{"start":{"line":17,"column":22},"end":{"line":19,"column":7}},"line":17},"3":{"name":"(anonymous_3)","decl":{"start":{"line":20,"column":13},"end":{"line":20,"column":14}},"loc":{"start":{"line":20,"column":24},"end":{"line":22,"column":7}},"line":20}},"branchMap":{},"s":{"0":1,"1":1,"2":1,"3":2,"4":2,"5":2,"6":2,"7":0,"8":0,"9":0,"10":1},"f":{"0":2,"1":0,"2":0,"3":0},"b":{},"_coverageSchema":"1a1c01bbd47fc00a2c39e90264f33305004495a9","hash":"98fb4f0d053b2c3c512af74252bd494f3f2fb8f5"}
,"/Users/adam/Desktop/engineering-project-3/destination-unknown/api/client/roadsecret.js": {"path":"/Users/adam/Desktop/engineering-project-3/destination-unknown/api/client/roadsecret.js","statementMap":{"0":{"start":{"line":1,"column":19},"end":{"line":1,"column":53}},"1":{"start":{"line":3,"column":0},"end":{"line":3,"column":28}}},"fnMap":{},"branchMap":{},"s":{"0":1,"1":1},"f":{},"b":{},"_coverageSchema":"1a1c01bbd47fc00a2c39e90264f33305004495a9","hash":"5820b5ce420dbe06c1848faa2b0de90656cd8615"}
,"/Users/adam/Desktop/engineering-project-3/destination-unknown/api/spec/client/mockFlightClientResponse.js": {"path":"/Users/adam/Desktop/engineering-project-3/destination-unknown/api/spec/client/mockFlightClientResponse.js","statementMap":{"0":{"start":{"line":1,"column":21},"end":{"line":2405,"column":1}},"1":{"start":{"line":2407,"column":0},"end":{"line":2407,"column":29}}},"fnMap":{},"branchMap":{},"s":{"0":1,"1":1},"f":{},"b":{},"_coverageSchema":"1a1c01bbd47fc00a2c39e90264f33305004495a9","hash":"17e9f54121295d56a1aad9e2e4726e63efe4a54d"}
,"/Users/adam/Desktop/engineering-project-3/destination-unknown/api/spec/client/mockRoadgoat.js": {"path":"/Users/adam/Desktop/engineering-project-3/destination-unknown/api/spec/client/mockRoadgoat.js","statementMap":{"0":{"start":{"line":1,"column":25},"end":{"line":504,"column":1}},"1":{"start":{"line":506,"column":0},"end":{"line":506,"column":33}}},"fnMap":{},"branchMap":{},"s":{"0":1,"1":1},"f":{},"b":{},"_coverageSchema":"1a1c01bbd47fc00a2c39e90264f33305004495a9","hash":"fc69508963304ae9cb6d7e9929a7fbb54f921ea1"}
}
