TN:
SF:client/apikey.js
FNF:0
FNH:0
DA:2,1
DA:3,1
LF:2
LH:2
BRF:0
BRH:0
end_of_record
TN:
SF:client/flightClient.js
FN:4,(anonymous_0)
FN:7,(anonymous_1)
FN:8,(anonymous_2)
FN:12,(anonymous_3)
FNF:4
FNH:4
FNDA:2,(anonymous_0)
FNDA:1,(anonymous_1)
FNDA:1,(anonymous_2)
FNDA:1,(anonymous_3)
DA:1,1
DA:5,2
DA:6,2
DA:7,1
DA:9,1
DA:10,1
DA:12,1
DA:16,1
LF:8
LH:8
BRF:0
BRH:0
end_of_record
TN:
SF:client/roadapi.js
FNF:0
FNH:0
DA:1,1
DA:3,1
LF:2
LH:2
BRF:0
BRH:0
end_of_record
TN:
SF:client/roadgoatClient.js
FN:6,(anonymous_0)
FN:16,(anonymous_1)
FN:17,(anonymous_2)
FN:20,(anonymous_3)
FNF:4
FNH:1
FNDA:2,(anonymous_0)
FNDA:0,(anonymous_1)
FNDA:0,(anonymous_2)
FNDA:0,(anonymous_3)
DA:1,1
DA:2,1
DA:3,1
DA:7,2
DA:9,2
DA:10,2
DA:15,2
DA:16,0
DA:18,0
DA:21,0
DA:26,1
LF:11
LH:8
BRF:0
BRH:0
end_of_record
TN:
SF:client/roadsecret.js
FNF:0
FNH:0
DA:1,1
DA:3,1
LF:2
LH:2
BRF:0
BRH:0
end_of_record
TN:
SF:spec/client/mockFlightClientResponse.js
FNF:0
FNH:0
DA:1,1
DA:2407,1
LF:2
LH:2
BRF:0
BRH:0
end_of_record
TN:
SF:spec/client/mockRoadgoat.js
FNF:0
FNH:0
DA:1,1
DA:506,1
LF:2
LH:2
BRF:0
BRH:0
end_of_record
